\BOOKMARK [1][-]{section.1}{\376\377\000C\000o\000n\000t\000e\000x\000t\000o\000\040\000d\000e\000l\000\040\000p\000r\000o\000y\000e\000c\000t\000o\000\040\000y\000\040\000e\000n\000t\000r\000e\000g\000a\000s\000\040\000p\000r\000e\000v\000i\000a\000s}{}% 1
\BOOKMARK [2][-]{subsection.1.1}{\376\377\000S\000o\000b\000r\000e\000\040\000A\000L\000D\000I\000M\000I}{section.1}% 2
\BOOKMARK [2][-]{subsection.1.2}{\376\377\000H\000i\000t\000o\000\040\0001\000\040\040\024\000\040\000C\000o\000m\000p\000r\000e\000n\000s\000i\000\363\000n\000\040\000d\000e\000l\000\040\000n\000e\000g\000o\000c\000i\000o\000\040\000y\000\040\000l\000o\000s\000\040\000d\000a\000t\000o\000s\000\040\000\050\000S\000e\000m\000a\000n\000a\000\040\0005\000\051}{section.1}% 3
\BOOKMARK [2][-]{subsection.1.3}{\376\377\000H\000i\000t\000o\000\040\0002\000\040\040\024\000\040\000P\000r\000e\000p\000a\000r\000a\000c\000i\000\363\000n\000\040\000y\000\040\000B\000a\000s\000e\000l\000i\000n\000e\000\040\000\050\000S\000e\000m\000a\000n\000a\000\040\0007\000\051}{section.1}% 4
\BOOKMARK [2][-]{subsection.1.4}{\376\377\000A\000l\000c\000a\000n\000c\000e\000\040\000d\000e\000l\000\040\000H\000i\000t\000o\000\040\0003}{section.1}% 5
\BOOKMARK [1][-]{section.2}{\376\377\000F\000r\000e\000n\000t\000e\000\040\0001\000:\000\040\000P\000r\000e\000d\000i\000c\000c\000i\000\363\000n\000\040\000d\000e\000\040\000I\000n\000v\000e\000n\000t\000a\000r\000i\000o\000\040\040\024\000\040\000F\000a\000s\000e\000s\000\040\0004\000\040\000A\000v\000a\000n\000z\000a\000d\000a\000\040\000y\000\040\0005}{}% 6
\BOOKMARK [2][-]{subsection.2.1}{\376\377\000F\000a\000s\000e\000\040\0004\000\040\000A\000v\000a\000n\000z\000a\000d\000a\000\040\040\024\000\040\000C\000o\000n\000f\000i\000g\000u\000r\000a\000c\000i\000\363\000n\000\040\000d\000e\000\040\000a\000l\000g\000o\000r\000i\000t\000m\000o\000s}{section.2}% 7
\BOOKMARK [3][-]{subsubsection.2.1.1}{\376\377\000R\000a\000n\000d\000o\000m\000\040\000F\000o\000r\000e\000s\000t}{subsection.2.1}% 8
\BOOKMARK [3][-]{subsubsection.2.1.2}{\376\377\000X\000G\000B\000o\000o\000s\000t}{subsection.2.1}% 9
\BOOKMARK [2][-]{subsection.2.2}{\376\377\000F\000a\000s\000e\000\040\0005\000\040\040\024\000\040\000E\000v\000a\000l\000u\000a\000c\000i\000\363\000n\000\040\000y\000\040\000s\000e\000l\000e\000c\000c\000i\000\363\000n\000:\000\040\000I\000n\000v\000e\000n\000t\000a\000r\000i\000o}{section.2}% 10
\BOOKMARK [3][-]{subsubsection.2.2.1}{\376\377\000R\000e\000s\000u\000l\000t\000a\000d\000o\000s\000\040\000e\000n\000\040\000c\000o\000n\000j\000u\000n\000t\000o\000\040\000d\000e\000\040\000p\000r\000u\000e\000b\000a}{subsection.2.2}% 11
\BOOKMARK [3][-]{subsubsection.2.2.2}{\376\377\000G\000r\000\341\000f\000i\000c\000o\000s\000\040\000c\000o\000m\000p\000a\000r\000a\000t\000i\000v\000o\000s}{subsection.2.2}% 12
\BOOKMARK [3][-]{subsubsection.2.2.3}{\376\377\000J\000u\000s\000t\000i\000f\000i\000c\000a\000c\000i\000\363\000n\000\040\000d\000e\000\040\000l\000a\000\040\000s\000e\000l\000e\000c\000c\000i\000\363\000n\000\040\000d\000e\000l\000\040\000m\000o\000d\000e\000l\000o}{subsection.2.2}% 13
\BOOKMARK [1][-]{section.3}{\376\377\000F\000r\000e\000n\000t\000e\000\040\0002\000:\000\040\000C\000l\000a\000s\000i\000f\000i\000c\000a\000c\000i\000\363\000n\000\040\000d\000e\000\040\000R\000i\000e\000s\000g\000o\000\040\000d\000e\000\040\000P\000a\000c\000i\000e\000n\000t\000e\000s\000\040\040\024\000\040\000F\000a\000s\000e\000s\000\040\0004\000\040\000A\000v\000a\000n\000z\000a\000d\000a\000\040\000y\000\040\0005}{}% 14
\BOOKMARK [2][-]{subsection.3.1}{\376\377\000F\000a\000s\000e\000\040\0004\000\040\000A\000v\000a\000n\000z\000a\000d\000a\000\040\040\024\000\040\000C\000o\000n\000f\000i\000g\000u\000r\000a\000c\000i\000\363\000n\000\040\000m\000u\000l\000t\000i\000c\000l\000a\000s\000e}{section.3}% 15
\BOOKMARK [3][-]{subsubsection.3.1.1}{\376\377\000C\000o\000n\000s\000i\000d\000e\000r\000a\000c\000i\000o\000n\000e\000s\000\040\000d\000e\000\040\000l\000a\000\040\000c\000l\000a\000s\000i\000f\000i\000c\000a\000c\000i\000\363\000n\000\040\000m\000u\000l\000t\000i\000c\000l\000a\000s\000e}{subsection.3.1}% 16
\BOOKMARK [3][-]{subsubsection.3.1.2}{\376\377\000R\000a\000n\000d\000o\000m\000\040\000F\000o\000r\000e\000s\000t\000\040\000m\000u\000l\000t\000i\000c\000l\000a\000s\000e}{subsection.3.1}% 17
\BOOKMARK [3][-]{subsubsection.3.1.3}{\376\377\000X\000G\000B\000o\000o\000s\000t\000\040\000m\000u\000l\000t\000i\000c\000l\000a\000s\000e}{subsection.3.1}% 18
\BOOKMARK [2][-]{subsection.3.2}{\376\377\000F\000a\000s\000e\000\040\0005\000\040\040\024\000\040\000E\000v\000a\000l\000u\000a\000c\000i\000\363\000n\000\040\000y\000\040\000s\000e\000l\000e\000c\000c\000i\000\363\000n\000:\000\040\000P\000a\000c\000i\000e\000n\000t\000e\000s}{section.3}% 19
\BOOKMARK [3][-]{subsubsection.3.2.1}{\376\377\000R\000e\000s\000u\000l\000t\000a\000d\000o\000s\000\040\000e\000n\000\040\000c\000o\000n\000j\000u\000n\000t\000o\000\040\000d\000e\000\040\000p\000r\000u\000e\000b\000a}{subsection.3.2}% 20
\BOOKMARK [3][-]{subsubsection.3.2.2}{\376\377\000G\000r\000\341\000f\000i\000c\000o\000s\000\040\000c\000o\000m\000p\000a\000r\000a\000t\000i\000v\000o\000s}{subsection.3.2}% 21
\BOOKMARK [3][-]{subsubsection.3.2.3}{\376\377\000A\000n\000\341\000l\000i\000s\000i\000s\000\040\000d\000e\000\040\000e\000r\000r\000o\000r\000e\000s\000\040\000p\000o\000r\000\040\000c\000l\000a\000s\000e}{subsection.3.2}% 22
\BOOKMARK [1][-]{section.4}{\376\377\000I\000n\000t\000e\000r\000p\000r\000e\000t\000a\000b\000i\000l\000i\000d\000a\000d\000\040\040\024\000\040\000V\000a\000l\000o\000r\000e\000s\000\040\000S\000H\000A\000P}{}% 23
\BOOKMARK [2][-]{subsection.4.1}{\376\377\000M\000e\000t\000o\000d\000o\000l\000o\000g\000\355\000a}{section.4}% 24
\BOOKMARK [2][-]{subsection.4.2}{\376\377\000V\000a\000r\000i\000a\000b\000l\000e\000s\000\040\000m\000\341\000s\000\040\000i\000n\000f\000l\000u\000y\000e\000n\000t\000e\000s}{section.4}% 25
\BOOKMARK [3][-]{subsubsection.4.2.1}{\376\377\000F\000r\000e\000n\000t\000e\000\040\0001\000\040\040\024\000\040\000I\000n\000v\000e\000n\000t\000a\000r\000i\000o\000\040\000\050\000X\000G\000B\000o\000o\000s\000t\000\051}{subsection.4.2}% 26
\BOOKMARK [3][-]{subsubsection.4.2.2}{\376\377\000F\000r\000e\000n\000t\000e\000\040\0002\000\040\040\024\000\040\000P\000a\000c\000i\000e\000n\000t\000e\000s\000\040\000\050\000X\000G\000B\000o\000o\000s\000t\000\051}{subsection.4.2}% 27
\BOOKMARK [2][-]{subsection.4.3}{\376\377\000T\000a\000b\000l\000a\000\040\000r\000e\000s\000u\000m\000e\000n\000\040\000g\000e\000n\000e\000r\000a\000l}{section.4}% 28
\BOOKMARK [1][-]{section.5}{\376\377\000V\000a\000l\000o\000r\000\040\000d\000e\000l\000\040\000p\000r\000o\000y\000e\000c\000t\000o\000:\000\040\000a\000n\000\341\000l\000i\000s\000i\000s\000\040\000d\000e\000\040\000n\000e\000g\000o\000c\000i\000o\000\040\000e\000\040\000i\000m\000p\000a\000c\000t\000o\000\040\000s\000o\000c\000i\000a\000l}{}% 29
\BOOKMARK [2][-]{subsection.5.1}{\376\377\000E\000l\000\040\000p\000r\000o\000b\000l\000e\000m\000a\000\040\000e\000n\000\040\000c\000i\000f\000r\000a\000s}{section.5}% 30
\BOOKMARK [2][-]{subsection.5.2}{\376\377\000Q\000u\000\351\000\040\000a\000p\000o\000r\000t\000a\000\040\000e\000l\000\040\000s\000i\000s\000t\000e\000m\000a\000\040\000A\000L\000D\000I\000M\000I\000\040\000P\000r\000e\000d\000i\000c\000t}{section.5}% 31
\BOOKMARK [2][-]{subsection.5.3}{\376\377\000V\000a\000l\000o\000r\000\040\000c\000o\000m\000o\000\040\000n\000e\000g\000o\000c\000i\000o\000:\000\040\000e\000s\000c\000a\000l\000a\000b\000i\000l\000i\000d\000a\000d\000\040\000y\000\040\000m\000o\000d\000e\000l\000o\000\040\000d\000e\000\040\000i\000m\000p\000a\000c\000t\000o}{section.5}% 32
\BOOKMARK [3][-]{subsubsection.5.3.1}{\376\377\000R\000e\000p\000l\000i\000c\000a\000b\000i\000l\000i\000d\000a\000d\000\040\000e\000n\000\040\000o\000t\000r\000a\000s\000\040\000o\000r\000g\000a\000n\000i\000z\000a\000c\000i\000o\000n\000e\000s\000\040\000s\000i\000m\000i\000l\000a\000r\000e\000s}{subsection.5.3}% 33
\BOOKMARK [3][-]{subsubsection.5.3.2}{\376\377\000M\000o\000d\000e\000l\000o\000\040\000d\000e\000\040\000n\000e\000g\000o\000c\000i\000o\000\040\000p\000o\000t\000e\000n\000c\000i\000a\000l\000:\000\040\000S\000a\000a\000S\000\040\000p\000a\000r\000a\000\040\000e\000l\000\040\000s\000e\000c\000t\000o\000r\000\040\000s\000o\000c\000i\000a\000l}{subsection.5.3}% 34
\BOOKMARK [3][-]{subsubsection.5.3.3}{\376\377\000V\000e\000n\000t\000a\000j\000a\000\040\000c\000o\000m\000p\000e\000t\000i\000t\000i\000v\000a\000\040\000d\000e\000l\000\040\000s\000i\000s\000t\000e\000m\000a}{subsection.5.3}% 35
\BOOKMARK [2][-]{subsection.5.4}{\376\377\000A\000l\000i\000n\000e\000a\000c\000i\000\363\000n\000\040\000c\000o\000n\000\040\000O\000D\000S\000:\000\040\000c\000u\000a\000n\000t\000i\000f\000i\000c\000a\000c\000i\000\363\000n\000\040\000d\000e\000l\000\040\000i\000m\000p\000a\000c\000t\000o}{section.5}% 36
\BOOKMARK [1][-]{section.6}{\376\377\000D\000a\000s\000h\000b\000o\000a\000r\000d\000\040\000A\000L\000D\000I\000M\000I\000\040\000P\000r\000e\000d\000i\000c\000t\000\040\040\024\000\040\000A\000c\000t\000u\000a\000l\000i\000z\000a\000c\000i\000o\000n\000e\000s\000\040\000H\000i\000t\000o\000\040\0003}{}% 37
\BOOKMARK [2][-]{subsection.6.1}{\376\377\000M\000o\000d\000e\000l\000o\000s\000\040\000i\000n\000t\000e\000g\000r\000a\000d\000o\000s}{section.6}% 38
\BOOKMARK [2][-]{subsection.6.2}{\376\377\000N\000u\000e\000v\000a\000s\000\040\000f\000u\000n\000c\000i\000o\000n\000a\000l\000i\000d\000a\000d\000e\000s\000\040\000d\000e\000l\000\040\000H\000i\000t\000o\000\040\0003}{section.6}% 39
\BOOKMARK [1][-]{section.7}{\376\377\000P\000l\000a\000n\000i\000f\000i\000c\000a\000c\000i\000\363\000n\000\040\000S\000C\000R\000U\000M\000\040\040\024\000\040\000S\000p\000r\000i\000n\000t\000\040\000H\000i\000t\000o\000\040\0003}{}% 40
\BOOKMARK [2][-]{subsection.7.1}{\376\377\000R\000o\000l\000e\000s\000\040\000d\000e\000l\000\040\000e\000q\000u\000i\000p\000o}{section.7}% 41
\BOOKMARK [2][-]{subsection.7.2}{\376\377\000S\000p\000r\000i\000n\000t\000\040\000H\000i\000t\000o\000\040\0003\000\040\000\050\000s\000e\000m\000a\000n\000a\000s\000\040\0009\040\023\0001\0002\000\051}{section.7}% 42
\BOOKMARK [2][-]{subsection.7.3}{\376\377\000R\000i\000e\000s\000g\000o\000s\000\040\000g\000e\000s\000t\000i\000o\000n\000a\000d\000o\000s}{section.7}% 43
\BOOKMARK [1][-]{section.8}{\376\377\000C\000o\000n\000c\000l\000u\000s\000i\000o\000n\000e\000s\000\040\000d\000e\000l\000\040\000H\000i\000t\000o\000\040\0003}{}% 44
\BOOKMARK [1][-]{section.8}{\376\377\000R\000e\000f\000e\000r\000e\000n\000c\000i\000a\000s}{}% 45
